<?xml version="1.0" encoding="UTF-8"?>
<!-- Generated by org.testng.reporters.JUnitReportReporter -->
<testsuite hostname="shrawan-HP-ProBook-440-G5" failures="0" tests="1" name="com.test.thrift.ThriftService.ResumeUpdateServiceTest" time="0.298" errors="0" timestamp="25 Aug 2020 07:34:54 GMT" skipped="0">
  <testcase classname="com.test.thrift.ThriftService.ResumeUpdateServiceTest" name="TC_001_verify_UpdateContract" time="0.298"/>
</testsuite> <!-- com.test.thrift.ThriftService.ResumeUpdateServiceTest -->
