<?xml version="1.0" encoding="UTF-8"?>
<!-- Generated by org.testng.reporters.JUnitReportReporter -->
<testsuite hostname="shrawan-HP-ProBook-440-G5" failures="0" tests="1" name="com.test.thrift.ThriftService.SaveExperiene" time="0.124" errors="0" timestamp="30 Oct 2019 05:17:02 GMT" skipped="0">
  <testcase classname="com.test.thrift.ThriftService.SaveExperiene" name="TC_001_verify_SaveExperience" time="0.124"/>
</testsuite> <!-- com.test.thrift.ThriftService.SaveExperiene -->
