<?xml version="1.0" encoding="UTF-8"?>
<!-- Generated by org.testng.reporters.JUnitReportReporter -->
<testsuite hostname="shrawan-HP-ProBook-440-G5" failures="0" tests="1" name="com.test.thrift.ThriftService.GetProfileCompletion" time="0.126" errors="0" timestamp="16 Oct 2019 12:47:29 GMT" skipped="0">
  <testcase classname="com.test.thrift.ThriftService.GetProfileCompletion" name="TC_001_verify_GetProfileCompletion" time="0.126"/>
</testsuite> <!-- com.test.thrift.ThriftService.GetProfileCompletion -->
