<?xml version="1.0" encoding="UTF-8"?>
<!-- Generated by org.testng.reporters.JUnitReportReporter -->
<testsuite hostname="shrawan-HP-ProBook-440-G5" failures="0" tests="1" name="com.test.thrift.ThriftService.ResumeViewServiceTest" time="7974.731" errors="0" timestamp="25 Aug 2020 09:49:03 GMT" skipped="0">
  <testcase classname="com.test.thrift.ThriftService.ResumeViewServiceTest" name="TC_001_verify_GetContract" time="7974.731"/>
</testsuite> <!-- com.test.thrift.ThriftService.ResumeViewServiceTest -->
