<?xml version="1.0" encoding="UTF-8"?>
<!-- Generated by org.testng.reporters.JUnitReportReporter -->
<testsuite hostname="shrawan-HP-ProBook-440-G5" failures="0" tests="1" name="com.test.thrift.ThriftService.Test" time="0.006" errors="0" timestamp="2 Sep 2019 05:41:18 GMT">
  <testcase classname="com.test.thrift.ThriftService.Test" name="testParamtert" time="0.006"/>
</testsuite> <!-- com.test.thrift.ThriftService.Test -->
